Arguments: 
  C:\Program Files\nodejs\node.exe C:\Users\samuel zuokumor\AppData\Roaming\npm\node_modules\yarn\bin\yarn.js add dotenv

PATH: 
  C:\Python310\Scripts\;C:\Python310\;C:\Program Files (x86)\NVIDIA Corporation\PhysX\Common;C:\WINDOWS\system32;C:\WINDOWS;C:\WINDOWS\System32\Wbem;C:\WINDOWS\System32\WindowsPowerShell\v1.0\;C:\WINDOWS\System32\OpenSSH\;C:\Users\samuel zuokumor\AppData\Local\Microsoft\WindowsApps\PythonSoftwareFoundation.Python.3.8_qbz5n2kfra8p0\python.exe -m pip;C:\ProgramData\chocolatey\bin;C:\Program Files\Git\cmd;C:\xampp\php;C:\composer;C:\Program Files\OpenJDK\openjdk-11.0.14.1_1\bin;C:\Program Files\nodejs\;C:\Users\samuel zuokumor\.cargo\bin;C:\Users\samuel zuokumor\.local\share\solana\install\active_release\bin;C:\Users\samuel zuokumor\AppData\Local\Microsoft\WindowsApps;C:\Program Files (x86)\Nmap;C:\Users\samuel zuokumor\AppData\Local\Microsoft\WindowsApps\PythonSoftwareFoundation.Python.3.8_qbz5n2kfra8p0\python.exe -m pip;;C:\Users\samuel zuokumor\AppData\Local\Programs\Microsoft VS Code\bin;C:\Users\samuel zuokumor\AppData\Roaming\Composer\vendor\bin;C:\Users\samuel zuokumor\WebStorm 2022.1\bin;;C:\Users\samuel zuokumor\AppData\Roaming\npm

Yarn version: 
  1.22.18

Node version: 
  16.15.0

Platform: 
  win32 x64

Trace: 
  Error: getaddrinfo ENOTFOUND registry.yarnpkg.com
      at GetAddrInfoReqWrap.onlookup [as oncomplete] (node:dns:71:26)

npm manifest: 
  {
    "name": "hardhat-project",
    "dependencies": {
      "@openzeppelin/contracts": "^4.7.2"
    }
  }

yarn manifest: 
  No manifest

Lockfile: 
  # THIS IS AN AUTOGENERATED FILE. DO NOT EDIT THIS FILE DIRECTLY.
  # yarn lockfile v1
  
  
  "@openzeppelin/contracts@^4.7.2":
    version "4.7.2"
    resolved "https://registry.yarnpkg.com/@openzeppelin/contracts/-/contracts-4.7.2.tgz#7587416fe2d35abf574193515b8971bfe9f64bc7"
    integrity sha512-4n/JL9izql8303mPqPdubuna/DWEMbmOzWYUWyCPhjhiEr2w3nQrjE7vZz1fBF+wzzP6dZbIcsgqACk53c9FGA==
